[debug] [2026-07-16T09:52:41.861Z] ----------------------------------------------------------------------
[debug] [2026-07-16T09:52:41.866Z] Command:       C:\Program Files\nodejs\node.exe C:\Users\MD. Shimul\AppData\Roaming\npm\node_modules\firebase-tools\lib\bin\firebase.js init
[debug] [2026-07-16T09:52:41.866Z] CLI Version:   15.18.0
[debug] [2026-07-16T09:52:41.867Z] Platform:      win32
[debug] [2026-07-16T09:52:41.867Z] Node Version:  v24.13.0
[debug] [2026-07-16T09:52:41.867Z] Time:          Thu Jul 16 2026 15:52:41 GMT+0600 (Bangladesh Standard Time)
[debug] [2026-07-16T09:52:41.868Z] ----------------------------------------------------------------------
[debug] 
[info] 
     ######## #### ########  ######## ########     ###     ######  ########
     ##        ##  ##     ## ##       ##     ##  ##   ##  ##       ##
     ######    ##  ########  ######   ########  #########  ######  ######
     ##        ##  ##    ##  ##       ##     ## ##     ##       ## ##
     ##       #### ##     ## ######## ########  ##     ##  ######  ########

You're about to initialize a Firebase project in this directory:

  C:\Users\MD. Shimul\Desktop\Allfolder\Portfolio website

[info] 
=== Project Setup
[info] 
[info] First, let's associate this project directory with a Firebase project.
[info] You can create multiple project aliases by running firebase use --add, 
[info] 
[debug] [2026-07-16T09:53:32.772Z] ExitPromptError: User force closed the prompt with SIGINT
    at Interface.sigint (C:\Users\MD. Shimul\AppData\Roaming\npm\node_modules\firebase-tools\node_modules\@inquirer\core\dist\commonjs\lib\create-prompt.js:101:37)
    at Interface.emit (node:events:508:28)
    at [_ttyWrite] [as _ttyWrite] (node:internal/readline/interface:1327:18)
    at ReadStream.onkeypress (node:internal/readline/interface:284:20)
    at ReadStream.emit (node:events:520:35)
    at emitKeys (node:internal/readline/utils:371:14)
    at emitKeys.next (<anonymous>)
    at ReadStream.onData (node:internal/readline/emitKeypressEvents:64:36)
    at ReadStream.emit (node:events:508:28)
    at addChunk (node:internal/streams/readable:559:12)
[error] 
[error] Error: An unexpected error has occurred.
